<?xml version="1.0" encoding="UTF-8"?>
<!-- Generated by org.testng.reporters.JUnitXMLReporter -->
<testsuite ignored="3" hostname="Pavan" failures="0" tests="1" name="Default test" time="4.217" errors="0" timestamp="2025-06-07T22:55:25 IST">
  <testcase classname="com.huntcareer.qa.testcases.Search" name="TC_4_verifySearchWithFilters" time="1.011"/>
  <testcase classname="com.huntcareer.qa.testcases.Search" name="TC_3_verifySearchWithSpecialCharcters" time="0.0">
    <ignored/>
  </testcase> <!-- TC_3_verifySearchWithSpecialCharcters -->
  <testcase classname="com.huntcareer.qa.testcases.Search" name="TC_1_verifyValidSearch" time="0.0">
    <ignored/>
  </testcase> <!-- TC_1_verifyValidSearch -->
  <testcase classname="com.huntcareer.qa.testcases.Search" name="TC_2_verifyInvalidSearch" time="0.0">
    <ignored/>
  </testcase> <!-- TC_2_verifyInvalidSearch -->
</testsuite> <!-- Default test -->
