<?xml version="1.0" encoding="UTF-8"?>
<!-- Generated by org.testng.reporters.JUnitXMLReporter -->
<testsuite ignored="36" hostname="Pavan" failures="0" tests="1" name="Default test" time="10.93" errors="0" timestamp="2025-10-04T18:31:07 IST">
  <testcase classname="com.huntcareer.qa.testcases.Register" name="TC_10_verifyInvalidPhoneNumberData" time="6.933"/>
  <testcase classname="com.huntcareer.qa.testcases.Register" name="TC_3_verifyNoFirstNameData" time="0.0">
    <ignored/>
  </testcase> <!-- TC_3_verifyNoFirstNameData -->
  <testcase classname="com.huntcareer.qa.testcases.Register" name="TC_35_verifyspaceAfterName" time="0.0">
    <ignored/>
  </testcase> <!-- TC_35_verifyspaceAfterName -->
  <testcase classname="com.huntcareer.qa.testcases.Register" name="TC_18_verifydomainStartsWithHyphen" time="0.0">
    <ignored/>
  </testcase> <!-- TC_18_verifydomainStartsWithHyphen -->
  <testcase classname="com.huntcareer.qa.testcases.Register" name="TC_23_verifydotAtBeginning" time="0.0">
    <ignored/>
  </testcase> <!-- TC_23_verifydotAtBeginning -->
  <testcase classname="com.huntcareer.qa.testcases.Register" name="TC_11_verifyplainEmail" time="0.0">
    <ignored/>
  </testcase> <!-- TC_11_verifyplainEmail -->
  <testcase classname="com.huntcareer.qa.testcases.Register" name="TC_36_verifydotBeforeAt" time="0.0">
    <ignored/>
  </testcase> <!-- TC_36_verifydotBeforeAt -->
  <testcase classname="com.huntcareer.qa.testcases.Register" name="TC_19_verifydoubleDotInDomain" time="0.0">
    <ignored/>
  </testcase> <!-- TC_19_verifydoubleDotInDomain -->
  <testcase classname="com.huntcareer.qa.testcases.Register" name="TC_9_verifyNoPhoneNumberData" time="0.0">
    <ignored/>
  </testcase> <!-- TC_9_verifyNoPhoneNumberData -->
  <testcase classname="com.huntcareer.qa.testcases.Register" name="TC_13_verifyEmailonlyLocalPart" time="0.0">
    <ignored/>
  </testcase> <!-- TC_13_verifyEmailonlyLocalPart -->
  <testcase classname="com.huntcareer.qa.testcases.Register" name="TC_1_verifyRegisterWithValidData" time="0.0">
    <ignored/>
  </testcase> <!-- TC_1_verifyRegisterWithValidData -->
  <testcase classname="com.huntcareer.qa.testcases.Register" name="TC_32_verifyunderscoreInTLD" time="0.0">
    <ignored/>
  </testcase> <!-- TC_32_verifyunderscoreInTLD -->
  <testcase classname="com.huntcareer.qa.testcases.Register" name="TC_15_verifyEmailwithoutTopLevelDomain" time="0.0">
    <ignored/>
  </testcase> <!-- TC_15_verifyEmailwithoutTopLevelDomain -->
  <testcase classname="com.huntcareer.qa.testcases.Register" name="TC_24_verifywithQuotation" time="0.0">
    <ignored/>
  </testcase> <!-- TC_24_verifywithQuotation -->
  <testcase classname="com.huntcareer.qa.testcases.Register" name="TC_29_verifymissingSecondLevelDomain" time="0.0">
    <ignored/>
  </testcase> <!-- TC_29_verifymissingSecondLevelDomain -->
  <testcase classname="com.huntcareer.qa.testcases.Register" name="TC_26_verifyveryLengthyLocal" time="0.0">
    <ignored/>
  </testcase> <!-- TC_26_verifyveryLengthyLocal -->
  <testcase classname="com.huntcareer.qa.testcases.Register" name="TC_2_verifyDuplicateData" time="0.0">
    <ignored/>
  </testcase> <!-- TC_2_verifyDuplicateData -->
  <testcase classname="com.huntcareer.qa.testcases.Register" name="TC_33_verifydotBetweenName" time="0.0">
    <ignored/>
  </testcase> <!-- TC_33_verifydotBetweenName -->
  <testcase classname="com.huntcareer.qa.testcases.Register" name="TC_16_verifytailingWithDot" time="0.0">
    <ignored/>
  </testcase> <!-- TC_16_verifytailingWithDot -->
  <testcase classname="com.huntcareer.qa.testcases.Register" name="TC_37_verifywithoutDomain" time="0.0">
    <ignored/>
  </testcase> <!-- TC_37_verifywithoutDomain -->
  <testcase classname="com.huntcareer.qa.testcases.Register" name="TC_34_verifyspaceBeforeName" time="0.0">
    <ignored/>
  </testcase> <!-- TC_34_verifyspaceBeforeName -->
  <testcase classname="com.huntcareer.qa.testcases.Register" name="TC_21_verifyillegalChars" time="0.0">
    <ignored/>
  </testcase> <!-- TC_21_verifyillegalChars -->
  <testcase classname="com.huntcareer.qa.testcases.Register" name="TC_22_verifytwoConsicutiveDots" time="0.0">
    <ignored/>
  </testcase> <!-- TC_22_verifytwoConsicutiveDots -->
  <testcase classname="com.huntcareer.qa.testcases.Register" name="TC_8_verifyRegisterWithoutConfirmPasswordData" time="0.0">
    <ignored/>
  </testcase> <!-- TC_8_verifyRegisterWithoutConfirmPasswordData -->
  <testcase classname="com.huntcareer.qa.testcases.Register" name="TC_31_verifydoubleConsicutiveAt" time="0.0">
    <ignored/>
  </testcase> <!-- TC_31_verifydoubleConsicutiveAt -->
  <testcase classname="com.huntcareer.qa.testcases.Register" name="TC_20_verifynoAtTheRate" time="0.0">
    <ignored/>
  </testcase> <!-- TC_20_verifynoAtTheRate -->
  <testcase classname="com.huntcareer.qa.testcases.Register" name="TC_30_verifywithComma" time="0.0">
    <ignored/>
  </testcase> <!-- TC_30_verifywithComma -->
  <testcase classname="com.huntcareer.qa.testcases.Register" name="TC_6_verifyNoPasswordData" time="0.0">
    <ignored/>
  </testcase> <!-- TC_6_verifyNoPasswordData -->
  <testcase classname="com.huntcareer.qa.testcases.Register" name="TC_5_verifyNoEmailData" time="0.0">
    <ignored/>
  </testcase> <!-- TC_5_verifyNoEmailData -->
  <testcase classname="com.huntcareer.qa.testcases.Register" name="TC_17_verifytopLevelDomainTooShort" time="0.0">
    <ignored/>
  </testcase> <!-- TC_17_verifytopLevelDomainTooShort -->
  <testcase classname="com.huntcareer.qa.testcases.Register" name="TC_7_verifyPasswordWithLessCharacters" time="0.0">
    <ignored/>
  </testcase> <!-- TC_7_verifyPasswordWithLessCharacters -->
  <testcase classname="com.huntcareer.qa.testcases.Register" name="TC_12_verifynoLocalPart" time="0.0">
    <ignored/>
  </testcase> <!-- TC_12_verifynoLocalPart -->
  <testcase classname="com.huntcareer.qa.testcases.Register" name="TC_27_verifyveryLengthyDomain" time="0.0">
    <ignored/>
  </testcase> <!-- TC_27_verifyveryLengthyDomain -->
  <testcase classname="com.huntcareer.qa.testcases.Register" name="TC_28_verifyveryLengthyTLD" time="0.0">
    <ignored/>
  </testcase> <!-- TC_28_verifyveryLengthyTLD -->
  <testcase classname="com.huntcareer.qa.testcases.Register" name="TC_14_verifydoubleAt" time="0.0">
    <ignored/>
  </testcase> <!-- TC_14_verifydoubleAt -->
  <testcase classname="com.huntcareer.qa.testcases.Register" name="TC_4_verifyNoLastNameData" time="0.0">
    <ignored/>
  </testcase> <!-- TC_4_verifyNoLastNameData -->
  <testcase classname="com.huntcareer.qa.testcases.Register" name="TC_25_verifyunclosedQuotation" time="0.0">
    <ignored/>
  </testcase> <!-- TC_25_verifyunclosedQuotation -->
</testsuite> <!-- Default test -->
