{
  "stats": {
    "suites": 3,
    "tests": 32,
    "passes": 32,
    "pending": 0,
    "failures": 0,
    "testsRegistered": 32,
    "passPercent": 100,
    "pendingPercent": 0,
    "other": 0,
    "hasOther": false,
    "skipped": 0,
    "hasSkipped": false,
    "start": "2025-08-02T14:56:28.291Z",
    "end": "2025-08-02T14:59:25.819Z",
    "duration": 177528
  },
  "results": [
    {
      "uuid": "eead1229-e77b-48d7-998c-b98a2724b06e",
      "title": "",
      "fullFile": "cypress\\e2e\\register.cy.js",
      "file": "cypress\\e2e\\register.cy.js",
      "beforeHooks": [],
      "afterHooks": [],
      "tests": [],
      "suites": [
        {
          "uuid": "5de859eb-3a43-4627-82c6-80f6c7f8bc2b",
          "title": "Register Test",
          "fullFile": "cypress\\e2e\\register.cy.js",
          "file": "cypress\\e2e\\register.cy.js",
          "beforeHooks": [],
          "afterHooks": [],
          "tests": [
            {
              "title": "TC-1-Enter with valid cred",
              "fullTitle": "Register Test TC-1-Enter with valid cred",
              "timedOut": null,
              "duration": 7403,
              "state": "passed",
              "speed": "medium",
              "pass": true,
              "fail": false,
              "pending": false,
              "context": null,
              "code": "registerPage.register(_registerData.registerData.validUser.firstName, _registerData.registerData.validUser.lastName, _registerData.registerData.validUser.email, _registerData.registerData.validUser.password, _registerData.registerData.validUser.confirmPassword, _registerData.registerData.validUser.phoneNumber);\nregisterPage.waitUntilVisible(registerPage.checkSuccessCreationMessage());\nregisterPage.waitUntilNotVisible(registerPage.checkSuccessCreationMessage());",
              "err": {},
              "uuid": "2b6cd0cf-b27d-4637-8729-31c14b0d4a34",
              "parentUUID": "5de859eb-3a43-4627-82c6-80f6c7f8bc2b",
              "isHook": false,
              "skipped": false
            },
            {
              "title": "TC-2-Enter with duplicate credentials",
              "fullTitle": "Register Test TC-2-Enter with duplicate credentials",
              "timedOut": null,
              "duration": 6190,
              "state": "passed",
              "speed": "medium",
              "pass": true,
              "fail": false,
              "pending": false,
              "context": null,
              "code": "registerPage.register(_registerData.registerData.duplicateUser.firstName, _registerData.registerData.duplicateUser.lastName, _registerData.registerData.duplicateUser.email, _registerData.registerData.duplicateUser.password, _registerData.registerData.duplicateUser.confirmPassword, _registerData.registerData.duplicateUser.phoneNumber);\nregisterPage.waitUntilVisible(registerPage.checkDuplicateErrorMessage());\nregisterPage.waitUntilNotVisible(registerPage.checkDuplicateErrorMessage());",
              "err": {},
              "uuid": "3738cdbf-4ee0-4742-aecc-9aae64ee6762",
              "parentUUID": "5de859eb-3a43-4627-82c6-80f6c7f8bc2b",
              "isHook": false,
              "skipped": false
            },
            {
              "title": "TC-3-Enter without FirstName",
              "fullTitle": "Register Test TC-3-Enter without FirstName",
              "timedOut": null,
              "duration": 4297,
              "state": "passed",
              "speed": "fast",
              "pass": true,
              "fail": false,
              "pending": false,
              "context": null,
              "code": "registerPage.registerFirstPage(_registerData.registerData.noFirstName.firstName, _registerData.registerData.noFirstName.lastName);\nregisterPage.waitUntilVisible(registerPage.checkFirstNameBlankMessage());\nregisterPage.waitUntilNotVisible(registerPage.checkFirstNameBlankMessage());",
              "err": {},
              "uuid": "36741124-610a-4368-8c38-0370aa36b361",
              "parentUUID": "5de859eb-3a43-4627-82c6-80f6c7f8bc2b",
              "isHook": false,
              "skipped": false
            },
            {
              "title": "TC-4-Enter without LastName",
              "fullTitle": "Register Test TC-4-Enter without LastName",
              "timedOut": null,
              "duration": 4504,
              "state": "passed",
              "speed": "fast",
              "pass": true,
              "fail": false,
              "pending": false,
              "context": null,
              "code": "registerPage.registerFirstPage(_registerData.registerData.noLastName.firstName, _registerData.registerData.noLastName.lastName);\nregisterPage.waitUntilVisible(registerPage.checkLastNameBlankMessage());\nregisterPage.waitUntilNotVisible(registerPage.checkLastNameBlankMessage());",
              "err": {},
              "uuid": "63f36fc3-b445-40b6-a50e-490549f147c5",
              "parentUUID": "5de859eb-3a43-4627-82c6-80f6c7f8bc2b",
              "isHook": false,
              "skipped": false
            },
            {
              "title": "TC-5-Enter without Email",
              "fullTitle": "Register Test TC-5-Enter without Email",
              "timedOut": null,
              "duration": 5642,
              "state": "passed",
              "speed": "medium",
              "pass": true,
              "fail": false,
              "pending": false,
              "context": null,
              "code": "registerPage.registerSecondPage(_registerData.registerData.noEmailName.firstName, _registerData.registerData.noEmailName.lastName, _registerData.registerData.noEmailName.email, _registerData.registerData.noEmailName.password, _registerData.registerData.noEmailName.confirmPassword);\nregisterPage.waitUntilVisible(registerPage.checkEmailBlankMessage());\nregisterPage.waitUntilNotVisible(registerPage.checkEmailBlankMessage());",
              "err": {},
              "uuid": "6ef51ef6-28d5-4f9d-9b94-e13b27e45eb4",
              "parentUUID": "5de859eb-3a43-4627-82c6-80f6c7f8bc2b",
              "isHook": false,
              "skipped": false
            },
            {
              "title": "TC-6-Enter without Password",
              "fullTitle": "Register Test TC-6-Enter without Password",
              "timedOut": null,
              "duration": 6405,
              "state": "passed",
              "speed": "medium",
              "pass": true,
              "fail": false,
              "pending": false,
              "context": null,
              "code": "registerPage.registerSecondPage(_registerData.registerData.noPasswordName.firstName, _registerData.registerData.noPasswordName.lastName, _registerData.registerData.noPasswordName.email, _registerData.registerData.noPasswordName.password, _registerData.registerData.noPasswordName.confirmPassword);\nregisterPage.waitUntilVisible(registerPage.checkPasswordMustHaveRequiredNumberCharactersMessage());\nregisterPage.waitUntilNotVisible(registerPage.checkPasswordMustHaveRequiredNumberCharactersMessage());",
              "err": {},
              "uuid": "9358b30e-9290-4627-a1ac-056b3e04f2d7",
              "parentUUID": "5de859eb-3a43-4627-82c6-80f6c7f8bc2b",
              "isHook": false,
              "skipped": false
            },
            {
              "title": "TC-7-Enter Password with less characters",
              "fullTitle": "Register Test TC-7-Enter Password with less characters",
              "timedOut": null,
              "duration": 6591,
              "state": "passed",
              "speed": "medium",
              "pass": true,
              "fail": false,
              "pending": false,
              "context": null,
              "code": "registerPage.registerSecondPage(_registerData.registerData.passwordWithLessCharacters.firstName, _registerData.registerData.passwordWithLessCharacters.lastName, _registerData.registerData.passwordWithLessCharacters.email, _registerData.registerData.passwordWithLessCharacters.password, _registerData.registerData.passwordWithLessCharacters.confirmPassword);\nregisterPage.waitUntilVisible(registerPage.checkPasswordMustHaveRequiredNumberCharactersMessage());\nregisterPage.waitUntilNotVisible(registerPage.checkPasswordMustHaveRequiredNumberCharactersMessage());",
              "err": {},
              "uuid": "453b8f96-e349-473d-b7d6-7e169ea84762",
              "parentUUID": "5de859eb-3a43-4627-82c6-80f6c7f8bc2b",
              "isHook": false,
              "skipped": false
            },
            {
              "title": "TC-8-Enter without ConfirmPassword",
              "fullTitle": "Register Test TC-8-Enter without ConfirmPassword",
              "timedOut": null,
              "duration": 6360,
              "state": "passed",
              "speed": "medium",
              "pass": true,
              "fail": false,
              "pending": false,
              "context": null,
              "code": "registerPage.registerSecondPage(_registerData.registerData.noConfirmPasswordName.firstName, _registerData.registerData.noConfirmPasswordName.lastName, _registerData.registerData.noConfirmPasswordName.email, _registerData.registerData.noConfirmPasswordName.password, _registerData.registerData.noConfirmPasswordName.confirmPassword, _registerData.registerData.noConfirmPasswordName.phoneNumber);\nregisterPage.waitUntilVisible(registerPage.checkPasswordNotMatchMessage());\nregisterPage.waitUntilNotVisible(registerPage.checkPasswordNotMatchMessage());",
              "err": {},
              "uuid": "3d65a303-24e5-410f-ac0e-62605d5b2b93",
              "parentUUID": "5de859eb-3a43-4627-82c6-80f6c7f8bc2b",
              "isHook": false,
              "skipped": false
            },
            {
              "title": "TC-9-Enter without PhoneNumber",
              "fullTitle": "Register Test TC-9-Enter without PhoneNumber",
              "timedOut": null,
              "duration": 7052,
              "state": "passed",
              "speed": "medium",
              "pass": true,
              "fail": false,
              "pending": false,
              "context": null,
              "code": "registerPage.register(_registerData.registerData.noPhoneNumberName.firstName, _registerData.registerData.noPhoneNumberName.lastName, _registerData.registerData.noPhoneNumberName.email, _registerData.registerData.noPhoneNumberName.password, _registerData.registerData.noPhoneNumberName.confirmPassword, _registerData.registerData.noPhoneNumberName.phoneNumber);\nregisterPage.waitUntilVisible(registerPage.checkPhoneNumberRequiredMessage());\nregisterPage.waitUntilNotVisible(registerPage.checkPhoneNumberRequiredMessage());",
              "err": {},
              "uuid": "46073cc4-cf61-4c7c-8691-f8c469372187",
              "parentUUID": "5de859eb-3a43-4627-82c6-80f6c7f8bc2b",
              "isHook": false,
              "skipped": false
            },
            {
              "title": "TC-10-Enter invalid PhoneNumber",
              "fullTitle": "Register Test TC-10-Enter invalid PhoneNumber",
              "timedOut": null,
              "duration": 7828,
              "state": "passed",
              "speed": "medium",
              "pass": true,
              "fail": false,
              "pending": false,
              "context": null,
              "code": "registerPage.register(_registerData.registerData.invalidPhoneNumber.firstName, _registerData.registerData.invalidPhoneNumber.lastName, _registerData.registerData.invalidPhoneNumber.email, _registerData.registerData.invalidPhoneNumber.password, _registerData.registerData.invalidPhoneNumber.confirmPassword, _registerData.registerData.invalidPhoneNumber.phoneNumber);\nregisterPage.waitUntilVisible(registerPage.checkPhoneNumberInvalidMessage());\nregisterPage.waitUntilNotVisible(registerPage.checkPhoneNumberInvalidMessage());",
              "err": {},
              "uuid": "8570c269-07bd-4871-ae9f-7b2252a95bfc",
              "parentUUID": "5de859eb-3a43-4627-82c6-80f6c7f8bc2b",
              "isHook": false,
              "skipped": false
            },
            {
              "title": "TC-11-Enter email without All Domain",
              "fullTitle": "Register Test TC-11-Enter email without All Domain",
              "timedOut": null,
              "duration": 6550,
              "state": "passed",
              "speed": "medium",
              "pass": true,
              "fail": false,
              "pending": false,
              "context": null,
              "code": "registerPage.registerSecondPage(_registerData.registerData.emailWithoutAllDomain.firstName, _registerData.registerData.emailWithoutAllDomain.lastName, _registerData.registerData.emailWithoutAllDomain.email, _registerData.registerData.emailWithoutAllDomain.password, _registerData.registerData.emailWithoutAllDomain.confirmPassword, _registerData.registerData.emailWithoutAllDomain.phoneNumber);\nregisterPage.waitUntilVisible(registerPage.checkPleaseEnterValidEmailAddressMessage());\nregisterPage.waitUntilNotVisible(registerPage.checkPleaseEnterValidEmailAddressMessage());",
              "err": {},
              "uuid": "4a16f018-59de-49fe-b30f-208a478e01bf",
              "parentUUID": "5de859eb-3a43-4627-82c6-80f6c7f8bc2b",
              "isHook": false,
              "skipped": false
            },
            {
              "title": "TC-12-Enter email without Top Level Domain",
              "fullTitle": "Register Test TC-12-Enter email without Top Level Domain",
              "timedOut": null,
              "duration": 7282,
              "state": "passed",
              "speed": "medium",
              "pass": true,
              "fail": false,
              "pending": false,
              "context": null,
              "code": "registerPage.registerSecondPage(_registerData.registerData.emailWithoutTopLevelDomain.firstName, _registerData.registerData.emailWithoutTopLevelDomain.lastName, _registerData.registerData.emailWithoutTopLevelDomain.email, _registerData.registerData.emailWithoutTopLevelDomain.password, _registerData.registerData.emailWithoutTopLevelDomain.confirmPassword, _registerData.registerData.emailWithoutTopLevelDomain.phoneNumber);\nregisterPage.waitUntilVisible(registerPage.checkPleaseEnterValidEmailAddressMessage());\nregisterPage.waitUntilNotVisible(registerPage.checkPleaseEnterValidEmailAddressMessage());",
              "err": {},
              "uuid": "d66374e0-a0fd-41da-9933-f716d62e4974",
              "parentUUID": "5de859eb-3a43-4627-82c6-80f6c7f8bc2b",
              "isHook": false,
              "skipped": false
            },
            {
              "title": "TC-13-Enter email with double at",
              "fullTitle": "Register Test TC-13-Enter email with double at",
              "timedOut": null,
              "duration": 7174,
              "state": "passed",
              "speed": "medium",
              "pass": true,
              "fail": false,
              "pending": false,
              "context": null,
              "code": "registerPage.registerSecondPage(_registerData.registerData.emailDoubleAt.firstName, _registerData.registerData.emailDoubleAt.lastName, _registerData.registerData.emailDoubleAt.email, _registerData.registerData.emailDoubleAt.password, _registerData.registerData.emailDoubleAt.confirmPassword, _registerData.registerData.emailDoubleAt.phoneNumber);\nregisterPage.waitUntilVisible(registerPage.checkPleaseEnterValidEmailAddressMessage());\nregisterPage.waitUntilNotVisible(registerPage.checkPleaseEnterValidEmailAddressMessage());",
              "err": {},
              "uuid": "bd525eff-ccd0-40dc-b531-28d3ecad541f",
              "parentUUID": "5de859eb-3a43-4627-82c6-80f6c7f8bc2b",
              "isHook": false,
              "skipped": false
            },
            {
              "title": "TC-14-Enter email with dot before at",
              "fullTitle": "Register Test TC-14-Enter email with dot before at",
              "timedOut": null,
              "duration": 8091,
              "state": "passed",
              "speed": "medium",
              "pass": true,
              "fail": false,
              "pending": false,
              "context": null,
              "code": "registerPage.register(_registerData.registerData.emailDotBeforeAt.firstName, _registerData.registerData.emailDotBeforeAt.lastName, _registerData.registerData.emailDotBeforeAt.email, _registerData.registerData.emailDotBeforeAt.password, _registerData.registerData.emailDotBeforeAt.confirmPassword, _registerData.registerData.emailDotBeforeAt.phoneNumber);\nregisterPage.waitUntilVisible(registerPage.checkSuccessCreationMessage());\nregisterPage.waitUntilNotVisible(registerPage.checkSuccessCreationMessage());",
              "err": {},
              "uuid": "a7fb7f2b-7d50-4380-9ffa-7fa3989fd288",
              "parentUUID": "5de859eb-3a43-4627-82c6-80f6c7f8bc2b",
              "isHook": false,
              "skipped": false
            },
            {
              "title": "TC-15-Enter email without Domain",
              "fullTitle": "Register Test TC-15-Enter email without Domain",
              "timedOut": null,
              "duration": 6927,
              "state": "passed",
              "speed": "medium",
              "pass": true,
              "fail": false,
              "pending": false,
              "context": null,
              "code": "registerPage.registerSecondPage(_registerData.registerData.emailWithoutDomain.firstName, _registerData.registerData.emailWithoutDomain.lastName, _registerData.registerData.emailWithoutDomain.email, _registerData.registerData.emailWithoutDomain.password, _registerData.registerData.emailWithoutDomain.confirmPassword, _registerData.registerData.emailWithoutDomain.phoneNumber);\nregisterPage.waitUntilVisible(registerPage.checkPleaseEnterValidEmailAddressMessage());\nregisterPage.waitUntilNotVisible(registerPage.checkPleaseEnterValidEmailAddressMessage());",
              "err": {},
              "uuid": "2986e494-7b45-4976-b089-7762f182c8b9",
              "parentUUID": "5de859eb-3a43-4627-82c6-80f6c7f8bc2b",
              "isHook": false,
              "skipped": false
            },
            {
              "title": "TC-16-Enter email without username",
              "fullTitle": "Register Test TC-16-Enter email without username",
              "timedOut": null,
              "duration": 6424,
              "state": "passed",
              "speed": "medium",
              "pass": true,
              "fail": false,
              "pending": false,
              "context": null,
              "code": "registerPage.registerSecondPage(_registerData.registerData.emailMissingUsername.firstName, _registerData.registerData.emailMissingUsername.lastName, _registerData.registerData.emailMissingUsername.email, _registerData.registerData.emailMissingUsername.password, _registerData.registerData.emailMissingUsername.confirmPassword, _registerData.registerData.emailMissingUsername.phoneNumber);\nregisterPage.waitUntilVisible(registerPage.checkPleaseEnterValidEmailAddressMessage());\nregisterPage.waitUntilNotVisible(registerPage.checkPleaseEnterValidEmailAddressMessage());",
              "err": {},
              "uuid": "59b3a77e-0d4d-407d-b84f-29739ee12537",
              "parentUUID": "5de859eb-3a43-4627-82c6-80f6c7f8bc2b",
              "isHook": false,
              "skipped": false
            }
          ],
          "suites": [],
          "passes": [
            "2b6cd0cf-b27d-4637-8729-31c14b0d4a34",
            "3738cdbf-4ee0-4742-aecc-9aae64ee6762",
            "36741124-610a-4368-8c38-0370aa36b361",
            "63f36fc3-b445-40b6-a50e-490549f147c5",
            "6ef51ef6-28d5-4f9d-9b94-e13b27e45eb4",
            "9358b30e-9290-4627-a1ac-056b3e04f2d7",
            "453b8f96-e349-473d-b7d6-7e169ea84762",
            "3d65a303-24e5-410f-ac0e-62605d5b2b93",
            "46073cc4-cf61-4c7c-8691-f8c469372187",
            "8570c269-07bd-4871-ae9f-7b2252a95bfc",
            "4a16f018-59de-49fe-b30f-208a478e01bf",
            "d66374e0-a0fd-41da-9933-f716d62e4974",
            "bd525eff-ccd0-40dc-b531-28d3ecad541f",
            "a7fb7f2b-7d50-4380-9ffa-7fa3989fd288",
            "2986e494-7b45-4976-b089-7762f182c8b9",
            "59b3a77e-0d4d-407d-b84f-29739ee12537"
          ],
          "failures": [],
          "pending": [],
          "skipped": [],
          "duration": 104720,
          "root": false,
          "rootEmpty": false,
          "_timeout": 2000
        }
      ],
      "passes": [],
      "failures": [],
      "pending": [],
      "skipped": [],
      "duration": 0,
      "root": true,
      "rootEmpty": true,
      "_timeout": 2000
    },
    {
      "uuid": "426d316d-7b18-4f4d-aef3-67d44519e8a3",
      "title": "",
      "fullFile": "cypress\\e2e\\search.cy.js",
      "file": "cypress\\e2e\\search.cy.js",
      "beforeHooks": [],
      "afterHooks": [],
      "tests": [],
      "suites": [
        {
          "uuid": "707a8ecf-2e60-4476-a631-a5b3404e14af",
          "title": "Search Test",
          "fullFile": "cypress\\e2e\\search.cy.js",
          "file": "cypress\\e2e\\search.cy.js",
          "beforeHooks": [],
          "afterHooks": [],
          "tests": [
            {
              "title": "TC-1-Search with a valid keyword",
              "fullTitle": "Search Test TC-1-Search with a valid keyword",
              "timedOut": null,
              "duration": 1530,
              "state": "passed",
              "speed": "fast",
              "pass": true,
              "fail": false,
              "pending": false,
              "context": null,
              "code": "searchPage.search(_searchData.default.validSearch.searchTerm);\nsearchPage.SearchTag(_searchData.default.validSearch.searchTerm).should('be.visible');",
              "err": {},
              "uuid": "ef5d1c8f-bbb4-424d-920c-891f1c6e88cc",
              "parentUUID": "707a8ecf-2e60-4476-a631-a5b3404e14af",
              "isHook": false,
              "skipped": false
            },
            {
              "title": "TC-2-Search with a invalid keyword",
              "fullTitle": "Search Test TC-2-Search with a invalid keyword",
              "timedOut": null,
              "duration": 767,
              "state": "passed",
              "speed": "fast",
              "pass": true,
              "fail": false,
              "pending": false,
              "context": null,
              "code": "searchPage.search(_searchData.default.invalidSearch.searchTerm);\nsearchPage.SearchTag(_searchData.default.invalidSearch.searchTerm).should('be.visible');\nsearchPage.NoJobsFoundMessage().should('be.visible');",
              "err": {},
              "uuid": "43125f74-6a40-430e-9913-1b21e5e616a2",
              "parentUUID": "707a8ecf-2e60-4476-a631-a5b3404e14af",
              "isHook": false,
              "skipped": false
            },
            {
              "title": "TC-3-Search with Special Characters",
              "fullTitle": "Search Test TC-3-Search with Special Characters",
              "timedOut": null,
              "duration": 746,
              "state": "passed",
              "speed": "fast",
              "pass": true,
              "fail": false,
              "pending": false,
              "context": null,
              "code": "searchPage.search(_searchData.default.specialCharSearch.searchTerm);\nsearchPage.SearchTag(_searchData.default.specialCharSearch.searchTerm).should('be.visible');\nsearchPage.NoJobsFoundMessage().should('be.visible');",
              "err": {},
              "uuid": "c4dc0e98-0f12-4ab2-bdb7-eb8fe339e8c9",
              "parentUUID": "707a8ecf-2e60-4476-a631-a5b3404e14af",
              "isHook": false,
              "skipped": false
            },
            {
              "title": "TC-4-Seach with location and JobType",
              "fullTitle": "Search Test TC-4-Seach with location and JobType",
              "timedOut": null,
              "duration": 1980,
              "state": "passed",
              "speed": "fast",
              "pass": true,
              "fail": false,
              "pending": false,
              "context": null,
              "code": "searchPage.search(_searchData.default.searchWithFilters.searchTerm, _searchData.default.searchWithFilters.location, _searchData.default.searchWithFilters.jobType);\nsearchPage.SearchTag(_searchData.default.searchWithFilters.searchTerm).should('be.visible');\nsearchPage.LocationTag(_searchData.default.searchWithFilters.location).should('be.visible');\nsearchPage.JobTypeTag(_searchData.default.searchWithFilters.jobType).should('be.visible');",
              "err": {},
              "uuid": "657ff68e-5ff8-4d86-8a68-b6f47c829b12",
              "parentUUID": "707a8ecf-2e60-4476-a631-a5b3404e14af",
              "isHook": false,
              "skipped": false
            }
          ],
          "suites": [],
          "passes": [
            "ef5d1c8f-bbb4-424d-920c-891f1c6e88cc",
            "43125f74-6a40-430e-9913-1b21e5e616a2",
            "c4dc0e98-0f12-4ab2-bdb7-eb8fe339e8c9",
            "657ff68e-5ff8-4d86-8a68-b6f47c829b12"
          ],
          "failures": [],
          "pending": [],
          "skipped": [],
          "duration": 5023,
          "root": false,
          "rootEmpty": false,
          "_timeout": 2000
        }
      ],
      "passes": [],
      "failures": [],
      "pending": [],
      "skipped": [],
      "duration": 0,
      "root": true,
      "rootEmpty": true,
      "_timeout": 2000
    },
    {
      "uuid": "9d372052-7e42-4497-b0cf-baf3a14a7218",
      "title": "",
      "fullFile": "cypress\\e2e\\login.cy.js",
      "file": "cypress\\e2e\\login.cy.js",
      "beforeHooks": [],
      "afterHooks": [],
      "tests": [],
      "suites": [
        {
          "uuid": "c293a20d-e8f6-45e1-8317-a2d1ad1fbfbd",
          "title": "Login Test",
          "fullFile": "cypress\\e2e\\login.cy.js",
          "file": "cypress\\e2e\\login.cy.js",
          "beforeHooks": [],
          "afterHooks": [],
          "tests": [
            {
              "title": "TC-1-Enter with valid credcredentials",
              "fullTitle": "Login Test TC-1-Enter with valid credcredentials",
              "timedOut": null,
              "duration": 5824,
              "state": "passed",
              "speed": "medium",
              "pass": true,
              "fail": false,
              "pending": false,
              "context": null,
              "code": "loginPage.login(_loginData.default.validUser.email, _loginData.default.validUser.password);\nloginPage.waitUntilVisible(loginPage.checkLoginSuccessMessage());\nloginPage.waitUntilNotVisible(loginPage.checkLoginSuccessMessage());",
              "err": {},
              "uuid": "17a5107f-ab02-4995-870a-b3f0f4c1d61b",
              "parentUUID": "c293a20d-e8f6-45e1-8317-a2d1ad1fbfbd",
              "isHook": false,
              "skipped": false
            },
            {
              "title": "TC-2-Enter User who is Not registerd",
              "fullTitle": "Login Test TC-2-Enter User who is Not registerd",
              "timedOut": null,
              "duration": 4867,
              "state": "passed",
              "speed": "fast",
              "pass": true,
              "fail": false,
              "pending": false,
              "context": null,
              "code": "loginPage.login(_loginData.default.invalidUser.email, _loginData.default.invalidUser.password);\nloginPage.waitUntilVisible(loginPage.checkInvalidEmailAndPasswordMessage());\nloginPage.waitUntilNotVisible(loginPage.checkInvalidEmailAndPasswordMessage());",
              "err": {},
              "uuid": "959fe8a8-be3c-4341-a735-6f9e0f1e5264",
              "parentUUID": "c293a20d-e8f6-45e1-8317-a2d1ad1fbfbd",
              "isHook": false,
              "skipped": false
            },
            {
              "title": "TC-3-Enter Invalid Email and Valid password",
              "fullTitle": "Login Test TC-3-Enter Invalid Email and Valid password",
              "timedOut": null,
              "duration": 4758,
              "state": "passed",
              "speed": "fast",
              "pass": true,
              "fail": false,
              "pending": false,
              "context": null,
              "code": "loginPage.login(_loginData.default.invalidEmail.email, _loginData.default.invalidEmail.password);\nloginPage.waitUntilVisible(loginPage.checkPleaseEnterValidEmailAddressMessage());\nloginPage.waitUntilNotVisible(loginPage.checkPleaseEnterValidEmailAddressMessage());",
              "err": {},
              "uuid": "6c611303-4816-40da-891c-22413b8aee3c",
              "parentUUID": "c293a20d-e8f6-45e1-8317-a2d1ad1fbfbd",
              "isHook": false,
              "skipped": false
            },
            {
              "title": "TC-4-Enter Valid Email and Invalid Password",
              "fullTitle": "Login Test TC-4-Enter Valid Email and Invalid Password",
              "timedOut": null,
              "duration": 4716,
              "state": "passed",
              "speed": "fast",
              "pass": true,
              "fail": false,
              "pending": false,
              "context": null,
              "code": "loginPage.login(_loginData.default.invalidPassowrd.email, _loginData.default.invalidPassowrd.password);\nloginPage.waitUntilVisible(loginPage.checkPasswordMustHaveRequiredNumberCharactersMessage());\nloginPage.waitUntilNotVisible(loginPage.checkPasswordMustHaveRequiredNumberCharactersMessage());",
              "err": {},
              "uuid": "ad6ab111-6573-495b-a8ab-d9d45398eec2",
              "parentUUID": "c293a20d-e8f6-45e1-8317-a2d1ad1fbfbd",
              "isHook": false,
              "skipped": false
            },
            {
              "title": "TC-5-Don't enter any data and click on Login Button",
              "fullTitle": "Login Test TC-5-Don't enter any data and click on Login Button",
              "timedOut": null,
              "duration": 4026,
              "state": "passed",
              "speed": "fast",
              "pass": true,
              "fail": false,
              "pending": false,
              "context": null,
              "code": "loginPage.clickLoginButton();\nloginPage.waitUntilVisible(loginPage.checkEmailIsRequiredMessage());\nloginPage.waitUntilNotVisible(loginPage.checkEmailIsRequiredMessage());",
              "err": {},
              "uuid": "7d2cfbae-8a5d-43c3-81e5-801baa5f16a7",
              "parentUUID": "c293a20d-e8f6-45e1-8317-a2d1ad1fbfbd",
              "isHook": false,
              "skipped": false
            },
            {
              "title": "TC-6-Don't enter any data into Password field and click on Login Button",
              "fullTitle": "Login Test TC-6-Don't enter any data into Password field and click on Login Button",
              "timedOut": null,
              "duration": 4664,
              "state": "passed",
              "speed": "fast",
              "pass": true,
              "fail": false,
              "pending": false,
              "context": null,
              "code": "loginPage.login(_loginData.default.blankPassword.email, _loginData.default.blankPassword.password);\nloginPage.waitUntilVisible(loginPage.checkPasswordIsRequiredMessage());\nloginPage.waitUntilNotVisible(loginPage.checkPasswordIsRequiredMessage());",
              "err": {},
              "uuid": "a1f4cfb3-584a-4470-8585-bfbb50fa197c",
              "parentUUID": "c293a20d-e8f6-45e1-8317-a2d1ad1fbfbd",
              "isHook": false,
              "skipped": false
            },
            {
              "title": "TC-7-Don't Enter Email and click on login button",
              "fullTitle": "Login Test TC-7-Don't Enter Email and click on login button",
              "timedOut": null,
              "duration": 4494,
              "state": "passed",
              "speed": "fast",
              "pass": true,
              "fail": false,
              "pending": false,
              "context": null,
              "code": "loginPage.login(_loginData.default.NoEmail.email, _loginData.default.NoEmail.password);\nloginPage.waitUntilVisible(loginPage.checkEmailIsRequiredMessage());\nloginPage.waitUntilNotVisible(loginPage.checkEmailIsRequiredMessage());",
              "err": {},
              "uuid": "4212abde-cb59-4630-ab69-aa778901f698",
              "parentUUID": "c293a20d-e8f6-45e1-8317-a2d1ad1fbfbd",
              "isHook": false,
              "skipped": false
            },
            {
              "title": "TC-8-Enter Email without the domain name and click on login button",
              "fullTitle": "Login Test TC-8-Enter Email without the domain name and click on login button",
              "timedOut": null,
              "duration": 4684,
              "state": "passed",
              "speed": "fast",
              "pass": true,
              "fail": false,
              "pending": false,
              "context": null,
              "code": "loginPage.login(_loginData.default.EmailwithoutDomain.email, _loginData.default.EmailwithoutDomain.password);\nloginPage.waitUntilVisible(loginPage.checkPleaseEnterValidEmailAddressMessage());\nloginPage.waitUntilNotVisible(loginPage.checkPleaseEnterValidEmailAddressMessage());",
              "err": {},
              "uuid": "efd3fd43-b8a9-4910-bc70-6c42752c8567",
              "parentUUID": "c293a20d-e8f6-45e1-8317-a2d1ad1fbfbd",
              "isHook": false,
              "skipped": false
            },
            {
              "title": "TC-9-Enter email without username and click on login button",
              "fullTitle": "Login Test TC-9-Enter email without username and click on login button",
              "timedOut": null,
              "duration": 4700,
              "state": "passed",
              "speed": "fast",
              "pass": true,
              "fail": false,
              "pending": false,
              "context": null,
              "code": "loginPage.login(_loginData.default.emailWihoutName.email, _loginData.default.emailWihoutName.password);\nloginPage.waitUntilVisible(loginPage.checkPleaseEnterValidEmailAddressMessage());\nloginPage.waitUntilNotVisible(loginPage.checkPleaseEnterValidEmailAddressMessage());",
              "err": {},
              "uuid": "fcb19b3b-4cb7-40bb-8cfe-bd071257ce91",
              "parentUUID": "c293a20d-e8f6-45e1-8317-a2d1ad1fbfbd",
              "isHook": false,
              "skipped": false
            },
            {
              "title": "TC-10-Enter the Email with two at the rate characters and click on login button",
              "fullTitle": "Login Test TC-10-Enter the Email with two at the rate characters and click on login button",
              "timedOut": null,
              "duration": 4792,
              "state": "passed",
              "speed": "fast",
              "pass": true,
              "fail": false,
              "pending": false,
              "context": null,
              "code": "loginPage.login(_loginData.default[\"emailhaving2@\"].email, _loginData.default[\"emailhaving2@\"].password);\nloginPage.waitUntilVisible(loginPage.checkPleaseEnterValidEmailAddressMessage());\nloginPage.waitUntilNotVisible(loginPage.checkPleaseEnterValidEmailAddressMessage());",
              "err": {},
              "uuid": "8cd68c43-e4b4-4b8a-bb55-503b86dec94c",
              "parentUUID": "c293a20d-e8f6-45e1-8317-a2d1ad1fbfbd",
              "isHook": false,
              "skipped": false
            },
            {
              "title": "TC-11-Enter email with dot at the end and click on login button",
              "fullTitle": "Login Test TC-11-Enter email with dot at the end and click on login button",
              "timedOut": null,
              "duration": 5074,
              "state": "passed",
              "speed": "medium",
              "pass": true,
              "fail": false,
              "pending": false,
              "context": null,
              "code": "loginPage.login(_loginData.default.emailWithDotAfterName.email, _loginData.default.emailWithDotAfterName.password);\nloginPage.waitUntilVisible(loginPage.checkLoginSuccessMessage());\nloginPage.waitUntilNotVisible(loginPage.checkLoginSuccessMessage());",
              "err": {},
              "uuid": "e606a1f4-e9cf-4be2-b4ba-1c2ce73ed12b",
              "parentUUID": "c293a20d-e8f6-45e1-8317-a2d1ad1fbfbd",
              "isHook": false,
              "skipped": false
            },
            {
              "title": "TC-12-Enter Email with dot in the middle of name and click on Login button",
              "fullTitle": "Login Test TC-12-Enter Email with dot in the middle of name and click on Login button",
              "timedOut": null,
              "duration": 5024,
              "state": "passed",
              "speed": "medium",
              "pass": true,
              "fail": false,
              "pending": false,
              "context": null,
              "code": "loginPage.login(_loginData.default.emailWithDotInbetweenName.email, _loginData.default.emailWithDotInbetweenName.password);\nloginPage.waitUntilVisible(loginPage.checkLoginSuccessMessage());\nloginPage.waitUntilNotVisible(loginPage.checkLoginSuccessMessage());",
              "err": {},
              "uuid": "f434eeb4-12c2-4377-a353-2cc34a020cff",
              "parentUUID": "c293a20d-e8f6-45e1-8317-a2d1ad1fbfbd",
              "isHook": false,
              "skipped": false
            }
          ],
          "suites": [],
          "passes": [
            "17a5107f-ab02-4995-870a-b3f0f4c1d61b",
            "959fe8a8-be3c-4341-a735-6f9e0f1e5264",
            "6c611303-4816-40da-891c-22413b8aee3c",
            "ad6ab111-6573-495b-a8ab-d9d45398eec2",
            "7d2cfbae-8a5d-43c3-81e5-801baa5f16a7",
            "a1f4cfb3-584a-4470-8585-bfbb50fa197c",
            "4212abde-cb59-4630-ab69-aa778901f698",
            "efd3fd43-b8a9-4910-bc70-6c42752c8567",
            "fcb19b3b-4cb7-40bb-8cfe-bd071257ce91",
            "8cd68c43-e4b4-4b8a-bb55-503b86dec94c",
            "e606a1f4-e9cf-4be2-b4ba-1c2ce73ed12b",
            "f434eeb4-12c2-4377-a353-2cc34a020cff"
          ],
          "failures": [],
          "pending": [],
          "skipped": [],
          "duration": 57623,
          "root": false,
          "rootEmpty": false,
          "_timeout": 2000
        }
      ],
      "passes": [],
      "failures": [],
      "pending": [],
      "skipped": [],
      "duration": 0,
      "root": true,
      "rootEmpty": true,
      "_timeout": 2000
    }
  ],
  "meta": {
    "mocha": {
      "version": "7.2.0"
    },
    "mochawesome": {
      "options": {
        "quiet": false,
        "reportFilename": "mochawesome",
        "saveHtml": false,
        "saveJson": true,
        "consoleReporter": "spec",
        "useInlineDiffs": false,
        "code": true
      },
      "version": "7.1.3"
    },
    "marge": {
      "options": {
        "reportDir": "mochawesome-report\\.jsons",
        "overwrite": false,
        "html": false,
        "json": true,
        "saveJson": true,
        "embeddedScreenshots": true,
        "inlineAssets": true,
        "charts": true,
        "reportPageTitle": "Test Report",
        "saveAllAttempts": true
      },
      "version": "6.2.0"
    }
  }
}