{
  "stats": {
    "suites": 3,
    "tests": 32,
    "passes": 32,
    "pending": 0,
    "failures": 0,
    "testsRegistered": 32,
    "passPercent": 100,
    "pendingPercent": 0,
    "other": 0,
    "hasOther": false,
    "skipped": 0,
    "hasSkipped": false,
    "start": "2025-07-29T15:41:07.860Z",
    "end": "2025-07-29T15:43:54.624Z",
    "duration": 166764
  },
  "results": [
    {
      "uuid": "3c807568-828e-4b89-8a9b-c7030254392a",
      "title": "",
      "fullFile": "cypress\\e2e\\register.cy.js",
      "file": "cypress\\e2e\\register.cy.js",
      "beforeHooks": [],
      "afterHooks": [],
      "tests": [],
      "suites": [
        {
          "uuid": "f61c8eff-012c-41a6-b70c-ca7cbfbaeb06",
          "title": "Register Test",
          "fullFile": "cypress\\e2e\\register.cy.js",
          "file": "cypress\\e2e\\register.cy.js",
          "beforeHooks": [],
          "afterHooks": [],
          "tests": [
            {
              "title": "TC-1-Enter with valid cred",
              "fullTitle": "Register Test TC-1-Enter with valid cred",
              "timedOut": null,
              "duration": 7571,
              "state": "passed",
              "speed": "medium",
              "pass": true,
              "fail": false,
              "pending": false,
              "context": null,
              "code": "registerPage.register(_registerData.registerData.validUser.firstName, _registerData.registerData.validUser.lastName, _registerData.registerData.validUser.email, _registerData.registerData.validUser.password, _registerData.registerData.validUser.confirmPassword, _registerData.registerData.validUser.phoneNumber);\nregisterPage.waitUntilVisible(registerPage.checkSuccessCreationMessage());\nregisterPage.waitUntilNotVisible(registerPage.checkSuccessCreationMessage());",
              "err": {},
              "uuid": "bf6447b5-574c-4cac-b0ef-415f5a9ea05f",
              "parentUUID": "f61c8eff-012c-41a6-b70c-ca7cbfbaeb06",
              "isHook": false,
              "skipped": false
            },
            {
              "title": "TC-2-Enter with duplicate credentials",
              "fullTitle": "Register Test TC-2-Enter with duplicate credentials",
              "timedOut": null,
              "duration": 6139,
              "state": "passed",
              "speed": "medium",
              "pass": true,
              "fail": false,
              "pending": false,
              "context": null,
              "code": "registerPage.register(_registerData.registerData.duplicateUser.firstName, _registerData.registerData.duplicateUser.lastName, _registerData.registerData.duplicateUser.email, _registerData.registerData.duplicateUser.password, _registerData.registerData.duplicateUser.confirmPassword, _registerData.registerData.duplicateUser.phoneNumber);\nregisterPage.waitUntilVisible(registerPage.checkDuplicateErrorMessage());\nregisterPage.waitUntilNotVisible(registerPage.checkDuplicateErrorMessage());",
              "err": {},
              "uuid": "38a4df09-d118-48f9-8486-8843cfad2a8e",
              "parentUUID": "f61c8eff-012c-41a6-b70c-ca7cbfbaeb06",
              "isHook": false,
              "skipped": false
            },
            {
              "title": "TC-3-Enter without FirstName",
              "fullTitle": "Register Test TC-3-Enter without FirstName",
              "timedOut": null,
              "duration": 4249,
              "state": "passed",
              "speed": "fast",
              "pass": true,
              "fail": false,
              "pending": false,
              "context": null,
              "code": "registerPage.registerFirstPage(_registerData.registerData.noFirstName.firstName, _registerData.registerData.noFirstName.lastName);\nregisterPage.waitUntilVisible(registerPage.checkFirstNameBlankMessage());\nregisterPage.waitUntilNotVisible(registerPage.checkFirstNameBlankMessage());",
              "err": {},
              "uuid": "50b86dcf-cb38-4fc1-9429-d5a8b5f2623f",
              "parentUUID": "f61c8eff-012c-41a6-b70c-ca7cbfbaeb06",
              "isHook": false,
              "skipped": false
            },
            {
              "title": "TC-4-Enter without LastName",
              "fullTitle": "Register Test TC-4-Enter without LastName",
              "timedOut": null,
              "duration": 4296,
              "state": "passed",
              "speed": "fast",
              "pass": true,
              "fail": false,
              "pending": false,
              "context": null,
              "code": "registerPage.registerFirstPage(_registerData.registerData.noLastName.firstName, _registerData.registerData.noLastName.lastName);\nregisterPage.waitUntilVisible(registerPage.checkLastNameBlankMessage());\nregisterPage.waitUntilNotVisible(registerPage.checkLastNameBlankMessage());",
              "err": {},
              "uuid": "184d70ea-2f42-4ff8-a85d-5e7ccc0ad666",
              "parentUUID": "f61c8eff-012c-41a6-b70c-ca7cbfbaeb06",
              "isHook": false,
              "skipped": false
            },
            {
              "title": "TC-5-Enter without Email",
              "fullTitle": "Register Test TC-5-Enter without Email",
              "timedOut": null,
              "duration": 5231,
              "state": "passed",
              "speed": "medium",
              "pass": true,
              "fail": false,
              "pending": false,
              "context": null,
              "code": "registerPage.registerSecondPage(_registerData.registerData.noEmailName.firstName, _registerData.registerData.noEmailName.lastName, _registerData.registerData.noEmailName.email, _registerData.registerData.noEmailName.password, _registerData.registerData.noEmailName.confirmPassword);\nregisterPage.waitUntilVisible(registerPage.checkEmailBlankMessage());\nregisterPage.waitUntilNotVisible(registerPage.checkEmailBlankMessage());",
              "err": {},
              "uuid": "fe9c318c-3631-4c62-8501-e30aaa6209ae",
              "parentUUID": "f61c8eff-012c-41a6-b70c-ca7cbfbaeb06",
              "isHook": false,
              "skipped": false
            },
            {
              "title": "TC-6-Enter without Password",
              "fullTitle": "Register Test TC-6-Enter without Password",
              "timedOut": null,
              "duration": 5901,
              "state": "passed",
              "speed": "medium",
              "pass": true,
              "fail": false,
              "pending": false,
              "context": null,
              "code": "registerPage.registerSecondPage(_registerData.registerData.noPasswordName.firstName, _registerData.registerData.noPasswordName.lastName, _registerData.registerData.noPasswordName.email, _registerData.registerData.noPasswordName.password, _registerData.registerData.noPasswordName.confirmPassword);\nregisterPage.waitUntilVisible(registerPage.checkPasswordMustHaveRequiredNumberCharactersMessage());\nregisterPage.waitUntilNotVisible(registerPage.checkPasswordMustHaveRequiredNumberCharactersMessage());",
              "err": {},
              "uuid": "7c6cd886-f8d4-4c81-9c7e-0d75b5c8319b",
              "parentUUID": "f61c8eff-012c-41a6-b70c-ca7cbfbaeb06",
              "isHook": false,
              "skipped": false
            },
            {
              "title": "TC-7-Enter Password with less characters",
              "fullTitle": "Register Test TC-7-Enter Password with less characters",
              "timedOut": null,
              "duration": 6262,
              "state": "passed",
              "speed": "medium",
              "pass": true,
              "fail": false,
              "pending": false,
              "context": null,
              "code": "registerPage.registerSecondPage(_registerData.registerData.passwordWithLessCharacters.firstName, _registerData.registerData.passwordWithLessCharacters.lastName, _registerData.registerData.passwordWithLessCharacters.email, _registerData.registerData.passwordWithLessCharacters.password, _registerData.registerData.passwordWithLessCharacters.confirmPassword);\nregisterPage.waitUntilVisible(registerPage.checkPasswordMustHaveRequiredNumberCharactersMessage());\nregisterPage.waitUntilNotVisible(registerPage.checkPasswordMustHaveRequiredNumberCharactersMessage());",
              "err": {},
              "uuid": "9f1762e6-3d7a-47cf-b9e3-bea16da65155",
              "parentUUID": "f61c8eff-012c-41a6-b70c-ca7cbfbaeb06",
              "isHook": false,
              "skipped": false
            },
            {
              "title": "TC-8-Enter without ConfirmPassword",
              "fullTitle": "Register Test TC-8-Enter without ConfirmPassword",
              "timedOut": null,
              "duration": 5861,
              "state": "passed",
              "speed": "medium",
              "pass": true,
              "fail": false,
              "pending": false,
              "context": null,
              "code": "registerPage.registerSecondPage(_registerData.registerData.noConfirmPasswordName.firstName, _registerData.registerData.noConfirmPasswordName.lastName, _registerData.registerData.noConfirmPasswordName.email, _registerData.registerData.noConfirmPasswordName.password, _registerData.registerData.noConfirmPasswordName.confirmPassword, _registerData.registerData.noConfirmPasswordName.phoneNumber);\nregisterPage.waitUntilVisible(registerPage.checkPasswordNotMatchMessage());\nregisterPage.waitUntilNotVisible(registerPage.checkPasswordNotMatchMessage());",
              "err": {},
              "uuid": "4c85056c-5473-4f40-b84d-58a701fac9f6",
              "parentUUID": "f61c8eff-012c-41a6-b70c-ca7cbfbaeb06",
              "isHook": false,
              "skipped": false
            },
            {
              "title": "TC-9-Enter without PhoneNumber",
              "fullTitle": "Register Test TC-9-Enter without PhoneNumber",
              "timedOut": null,
              "duration": 6354,
              "state": "passed",
              "speed": "medium",
              "pass": true,
              "fail": false,
              "pending": false,
              "context": null,
              "code": "registerPage.register(_registerData.registerData.noPhoneNumberName.firstName, _registerData.registerData.noPhoneNumberName.lastName, _registerData.registerData.noPhoneNumberName.email, _registerData.registerData.noPhoneNumberName.password, _registerData.registerData.noPhoneNumberName.confirmPassword, _registerData.registerData.noPhoneNumberName.phoneNumber);\nregisterPage.waitUntilVisible(registerPage.checkPhoneNumberRequiredMessage());\nregisterPage.waitUntilNotVisible(registerPage.checkPhoneNumberRequiredMessage());",
              "err": {},
              "uuid": "43ef44d6-e97f-4780-864a-9fdd7fc14f6a",
              "parentUUID": "f61c8eff-012c-41a6-b70c-ca7cbfbaeb06",
              "isHook": false,
              "skipped": false
            },
            {
              "title": "TC-10-Enter invalid PhoneNumber",
              "fullTitle": "Register Test TC-10-Enter invalid PhoneNumber",
              "timedOut": null,
              "duration": 6791,
              "state": "passed",
              "speed": "medium",
              "pass": true,
              "fail": false,
              "pending": false,
              "context": null,
              "code": "registerPage.register(_registerData.registerData.invalidPhoneNumber.firstName, _registerData.registerData.invalidPhoneNumber.lastName, _registerData.registerData.invalidPhoneNumber.email, _registerData.registerData.invalidPhoneNumber.password, _registerData.registerData.invalidPhoneNumber.confirmPassword, _registerData.registerData.invalidPhoneNumber.phoneNumber);\nregisterPage.waitUntilVisible(registerPage.checkPhoneNumberInvalidMessage());\nregisterPage.waitUntilNotVisible(registerPage.checkPhoneNumberInvalidMessage());",
              "err": {},
              "uuid": "88c59f3a-c47d-4358-ac8b-ad6982e8f492",
              "parentUUID": "f61c8eff-012c-41a6-b70c-ca7cbfbaeb06",
              "isHook": false,
              "skipped": false
            },
            {
              "title": "TC-11-Enter email without All Domain",
              "fullTitle": "Register Test TC-11-Enter email without All Domain",
              "timedOut": null,
              "duration": 6214,
              "state": "passed",
              "speed": "medium",
              "pass": true,
              "fail": false,
              "pending": false,
              "context": null,
              "code": "registerPage.registerSecondPage(_registerData.registerData.emailWithoutAllDomain.firstName, _registerData.registerData.emailWithoutAllDomain.lastName, _registerData.registerData.emailWithoutAllDomain.email, _registerData.registerData.emailWithoutAllDomain.password, _registerData.registerData.emailWithoutAllDomain.confirmPassword, _registerData.registerData.emailWithoutAllDomain.phoneNumber);\nregisterPage.waitUntilVisible(registerPage.checkPleaseEnterValidEmailAddressMessage());\nregisterPage.waitUntilNotVisible(registerPage.checkPleaseEnterValidEmailAddressMessage());",
              "err": {},
              "uuid": "1ba876f0-c469-463d-8ed9-dd7e1019f2e3",
              "parentUUID": "f61c8eff-012c-41a6-b70c-ca7cbfbaeb06",
              "isHook": false,
              "skipped": false
            },
            {
              "title": "TC-12-Enter email without Top Level Domain",
              "fullTitle": "Register Test TC-12-Enter email without Top Level Domain",
              "timedOut": null,
              "duration": 6183,
              "state": "passed",
              "speed": "medium",
              "pass": true,
              "fail": false,
              "pending": false,
              "context": null,
              "code": "registerPage.registerSecondPage(_registerData.registerData.emailWithoutTopLevelDomain.firstName, _registerData.registerData.emailWithoutTopLevelDomain.lastName, _registerData.registerData.emailWithoutTopLevelDomain.email, _registerData.registerData.emailWithoutTopLevelDomain.password, _registerData.registerData.emailWithoutTopLevelDomain.confirmPassword, _registerData.registerData.emailWithoutTopLevelDomain.phoneNumber);\nregisterPage.waitUntilVisible(registerPage.checkPleaseEnterValidEmailAddressMessage());\nregisterPage.waitUntilNotVisible(registerPage.checkPleaseEnterValidEmailAddressMessage());",
              "err": {},
              "uuid": "2a82015b-0fbf-47fc-8e34-317028a3ddd5",
              "parentUUID": "f61c8eff-012c-41a6-b70c-ca7cbfbaeb06",
              "isHook": false,
              "skipped": false
            },
            {
              "title": "TC-13-Enter email with double at",
              "fullTitle": "Register Test TC-13-Enter email with double at",
              "timedOut": null,
              "duration": 6235,
              "state": "passed",
              "speed": "medium",
              "pass": true,
              "fail": false,
              "pending": false,
              "context": null,
              "code": "registerPage.registerSecondPage(_registerData.registerData.emailDoubleAt.firstName, _registerData.registerData.emailDoubleAt.lastName, _registerData.registerData.emailDoubleAt.email, _registerData.registerData.emailDoubleAt.password, _registerData.registerData.emailDoubleAt.confirmPassword, _registerData.registerData.emailDoubleAt.phoneNumber);\nregisterPage.waitUntilVisible(registerPage.checkPleaseEnterValidEmailAddressMessage());\nregisterPage.waitUntilNotVisible(registerPage.checkPleaseEnterValidEmailAddressMessage());",
              "err": {},
              "uuid": "30ae81ce-1fab-4f8b-b8ef-e713f97fab7b",
              "parentUUID": "f61c8eff-012c-41a6-b70c-ca7cbfbaeb06",
              "isHook": false,
              "skipped": false
            },
            {
              "title": "TC-14-Enter email with dot before at",
              "fullTitle": "Register Test TC-14-Enter email with dot before at",
              "timedOut": null,
              "duration": 7092,
              "state": "passed",
              "speed": "medium",
              "pass": true,
              "fail": false,
              "pending": false,
              "context": null,
              "code": "registerPage.register(_registerData.registerData.emailDotBeforeAt.firstName, _registerData.registerData.emailDotBeforeAt.lastName, _registerData.registerData.emailDotBeforeAt.email, _registerData.registerData.emailDotBeforeAt.password, _registerData.registerData.emailDotBeforeAt.confirmPassword, _registerData.registerData.emailDotBeforeAt.phoneNumber);\nregisterPage.waitUntilVisible(registerPage.checkSuccessCreationMessage());\nregisterPage.waitUntilNotVisible(registerPage.checkSuccessCreationMessage());",
              "err": {},
              "uuid": "7ef7fb58-0bc0-432e-a5c5-a78b0c947028",
              "parentUUID": "f61c8eff-012c-41a6-b70c-ca7cbfbaeb06",
              "isHook": false,
              "skipped": false
            },
            {
              "title": "TC-15-Enter email without Domain",
              "fullTitle": "Register Test TC-15-Enter email without Domain",
              "timedOut": null,
              "duration": 5975,
              "state": "passed",
              "speed": "medium",
              "pass": true,
              "fail": false,
              "pending": false,
              "context": null,
              "code": "registerPage.registerSecondPage(_registerData.registerData.emailWithoutDomain.firstName, _registerData.registerData.emailWithoutDomain.lastName, _registerData.registerData.emailWithoutDomain.email, _registerData.registerData.emailWithoutDomain.password, _registerData.registerData.emailWithoutDomain.confirmPassword, _registerData.registerData.emailWithoutDomain.phoneNumber);\nregisterPage.waitUntilVisible(registerPage.checkPleaseEnterValidEmailAddressMessage());\nregisterPage.waitUntilNotVisible(registerPage.checkPleaseEnterValidEmailAddressMessage());",
              "err": {},
              "uuid": "14e625e7-c6f6-44d2-b38e-6e5b35c9ecab",
              "parentUUID": "f61c8eff-012c-41a6-b70c-ca7cbfbaeb06",
              "isHook": false,
              "skipped": false
            },
            {
              "title": "TC-16-Enter email without username",
              "fullTitle": "Register Test TC-16-Enter email without username",
              "timedOut": null,
              "duration": 5673,
              "state": "passed",
              "speed": "medium",
              "pass": true,
              "fail": false,
              "pending": false,
              "context": null,
              "code": "registerPage.registerSecondPage(_registerData.registerData.emailMissingUsername.firstName, _registerData.registerData.emailMissingUsername.lastName, _registerData.registerData.emailMissingUsername.email, _registerData.registerData.emailMissingUsername.password, _registerData.registerData.emailMissingUsername.confirmPassword, _registerData.registerData.emailMissingUsername.phoneNumber);\nregisterPage.waitUntilVisible(registerPage.checkPleaseEnterValidEmailAddressMessage());\nregisterPage.waitUntilNotVisible(registerPage.checkPleaseEnterValidEmailAddressMessage());",
              "err": {},
              "uuid": "756f1928-23b3-43d9-b6d4-6c1febd7f144",
              "parentUUID": "f61c8eff-012c-41a6-b70c-ca7cbfbaeb06",
              "isHook": false,
              "skipped": false
            }
          ],
          "suites": [],
          "passes": [
            "bf6447b5-574c-4cac-b0ef-415f5a9ea05f",
            "38a4df09-d118-48f9-8486-8843cfad2a8e",
            "50b86dcf-cb38-4fc1-9429-d5a8b5f2623f",
            "184d70ea-2f42-4ff8-a85d-5e7ccc0ad666",
            "fe9c318c-3631-4c62-8501-e30aaa6209ae",
            "7c6cd886-f8d4-4c81-9c7e-0d75b5c8319b",
            "9f1762e6-3d7a-47cf-b9e3-bea16da65155",
            "4c85056c-5473-4f40-b84d-58a701fac9f6",
            "43ef44d6-e97f-4780-864a-9fdd7fc14f6a",
            "88c59f3a-c47d-4358-ac8b-ad6982e8f492",
            "1ba876f0-c469-463d-8ed9-dd7e1019f2e3",
            "2a82015b-0fbf-47fc-8e34-317028a3ddd5",
            "30ae81ce-1fab-4f8b-b8ef-e713f97fab7b",
            "7ef7fb58-0bc0-432e-a5c5-a78b0c947028",
            "14e625e7-c6f6-44d2-b38e-6e5b35c9ecab",
            "756f1928-23b3-43d9-b6d4-6c1febd7f144"
          ],
          "failures": [],
          "pending": [],
          "skipped": [],
          "duration": 96027,
          "root": false,
          "rootEmpty": false,
          "_timeout": 2000
        }
      ],
      "passes": [],
      "failures": [],
      "pending": [],
      "skipped": [],
      "duration": 0,
      "root": true,
      "rootEmpty": true,
      "_timeout": 2000
    },
    {
      "uuid": "88123168-f306-4d03-b915-f24ee067e9d0",
      "title": "",
      "fullFile": "cypress\\e2e\\search.cy.js",
      "file": "cypress\\e2e\\search.cy.js",
      "beforeHooks": [],
      "afterHooks": [],
      "tests": [],
      "suites": [
        {
          "uuid": "82e68a1c-7ee3-4e5d-a9bc-c5815b7b3363",
          "title": "Search Test",
          "fullFile": "cypress\\e2e\\search.cy.js",
          "file": "cypress\\e2e\\search.cy.js",
          "beforeHooks": [],
          "afterHooks": [],
          "tests": [
            {
              "title": "TC-1-Search with a valid keyword",
              "fullTitle": "Search Test TC-1-Search with a valid keyword",
              "timedOut": null,
              "duration": 1176,
              "state": "passed",
              "speed": "fast",
              "pass": true,
              "fail": false,
              "pending": false,
              "context": null,
              "code": "searchPage.search(_searchData.default.validSearch.searchTerm);\nsearchPage.SearchTag(_searchData.default.validSearch.searchTerm).should('be.visible');",
              "err": {},
              "uuid": "6d12f3aa-2e0b-4391-8e75-54b7acb37a5d",
              "parentUUID": "82e68a1c-7ee3-4e5d-a9bc-c5815b7b3363",
              "isHook": false,
              "skipped": false
            },
            {
              "title": "TC-2-Search with a invalid keyword",
              "fullTitle": "Search Test TC-2-Search with a invalid keyword",
              "timedOut": null,
              "duration": 740,
              "state": "passed",
              "speed": "fast",
              "pass": true,
              "fail": false,
              "pending": false,
              "context": null,
              "code": "searchPage.search(_searchData.default.invalidSearch.searchTerm);\nsearchPage.SearchTag(_searchData.default.invalidSearch.searchTerm).should('be.visible');\nsearchPage.NoJobsFoundMessage().should('be.visible');",
              "err": {},
              "uuid": "12ccc300-da76-475a-a9a7-877217f1cc65",
              "parentUUID": "82e68a1c-7ee3-4e5d-a9bc-c5815b7b3363",
              "isHook": false,
              "skipped": false
            },
            {
              "title": "TC-3-Search with Special Characters",
              "fullTitle": "Search Test TC-3-Search with Special Characters",
              "timedOut": null,
              "duration": 707,
              "state": "passed",
              "speed": "fast",
              "pass": true,
              "fail": false,
              "pending": false,
              "context": null,
              "code": "searchPage.search(_searchData.default.specialCharSearch.searchTerm);\nsearchPage.SearchTag(_searchData.default.specialCharSearch.searchTerm).should('be.visible');\nsearchPage.NoJobsFoundMessage().should('be.visible');",
              "err": {},
              "uuid": "bd7e6607-d908-4811-a558-86d6ffc4e61e",
              "parentUUID": "82e68a1c-7ee3-4e5d-a9bc-c5815b7b3363",
              "isHook": false,
              "skipped": false
            },
            {
              "title": "TC-4-Seach with location and JobType",
              "fullTitle": "Search Test TC-4-Seach with location and JobType",
              "timedOut": null,
              "duration": 1997,
              "state": "passed",
              "speed": "fast",
              "pass": true,
              "fail": false,
              "pending": false,
              "context": null,
              "code": "searchPage.search(_searchData.default.searchWithFilters.searchTerm, _searchData.default.searchWithFilters.location, _searchData.default.searchWithFilters.jobType);\nsearchPage.SearchTag(_searchData.default.searchWithFilters.searchTerm).should('be.visible');\nsearchPage.LocationTag(_searchData.default.searchWithFilters.location).should('be.visible');\nsearchPage.JobTypeTag(_searchData.default.searchWithFilters.jobType).should('be.visible');",
              "err": {},
              "uuid": "b361b34b-9c4c-4953-870c-4dca8d1f27af",
              "parentUUID": "82e68a1c-7ee3-4e5d-a9bc-c5815b7b3363",
              "isHook": false,
              "skipped": false
            }
          ],
          "suites": [],
          "passes": [
            "6d12f3aa-2e0b-4391-8e75-54b7acb37a5d",
            "12ccc300-da76-475a-a9a7-877217f1cc65",
            "bd7e6607-d908-4811-a558-86d6ffc4e61e",
            "b361b34b-9c4c-4953-870c-4dca8d1f27af"
          ],
          "failures": [],
          "pending": [],
          "skipped": [],
          "duration": 4620,
          "root": false,
          "rootEmpty": false,
          "_timeout": 2000
        }
      ],
      "passes": [],
      "failures": [],
      "pending": [],
      "skipped": [],
      "duration": 0,
      "root": true,
      "rootEmpty": true,
      "_timeout": 2000
    },
    {
      "uuid": "6978107d-41f6-4f7e-891c-c5d39ac8f2a0",
      "title": "",
      "fullFile": "cypress\\e2e\\login.cy.js",
      "file": "cypress\\e2e\\login.cy.js",
      "beforeHooks": [],
      "afterHooks": [],
      "tests": [],
      "suites": [
        {
          "uuid": "339189ae-dd1a-4eb2-98c9-04887f84593b",
          "title": "Login Test",
          "fullFile": "cypress\\e2e\\login.cy.js",
          "file": "cypress\\e2e\\login.cy.js",
          "beforeHooks": [],
          "afterHooks": [],
          "tests": [
            {
              "title": "TC-1-Enter with valid credcredentials",
              "fullTitle": "Login Test TC-1-Enter with valid credcredentials",
              "timedOut": null,
              "duration": 5826,
              "state": "passed",
              "speed": "medium",
              "pass": true,
              "fail": false,
              "pending": false,
              "context": null,
              "code": "loginPage.login(_loginData.default.validUser.email, _loginData.default.validUser.password);\nloginPage.waitUntilVisible(loginPage.checkLoginSuccessMessage());\nloginPage.waitUntilNotVisible(loginPage.checkLoginSuccessMessage());",
              "err": {},
              "uuid": "de8406e5-4cd8-4e8e-84b9-b4a0c33b50b3",
              "parentUUID": "339189ae-dd1a-4eb2-98c9-04887f84593b",
              "isHook": false,
              "skipped": false
            },
            {
              "title": "TC-2-Enter User who is Not registerd",
              "fullTitle": "Login Test TC-2-Enter User who is Not registerd",
              "timedOut": null,
              "duration": 4901,
              "state": "passed",
              "speed": "fast",
              "pass": true,
              "fail": false,
              "pending": false,
              "context": null,
              "code": "loginPage.login(_loginData.default.invalidUser.email, _loginData.default.invalidUser.password);\nloginPage.waitUntilVisible(loginPage.checkInvalidEmailAndPasswordMessage());\nloginPage.waitUntilNotVisible(loginPage.checkInvalidEmailAndPasswordMessage());",
              "err": {},
              "uuid": "580d8246-966d-4856-80bb-53cc4198f107",
              "parentUUID": "339189ae-dd1a-4eb2-98c9-04887f84593b",
              "isHook": false,
              "skipped": false
            },
            {
              "title": "TC-3-Enter Invalid Email and Valid password",
              "fullTitle": "Login Test TC-3-Enter Invalid Email and Valid password",
              "timedOut": null,
              "duration": 4770,
              "state": "passed",
              "speed": "fast",
              "pass": true,
              "fail": false,
              "pending": false,
              "context": null,
              "code": "loginPage.login(_loginData.default.invalidEmail.email, _loginData.default.invalidEmail.password);\nloginPage.waitUntilVisible(loginPage.checkPleaseEnterValidEmailAddressMessage());\nloginPage.waitUntilNotVisible(loginPage.checkPleaseEnterValidEmailAddressMessage());",
              "err": {},
              "uuid": "79b2f2dd-037a-42fe-91ec-5b9efcf2631c",
              "parentUUID": "339189ae-dd1a-4eb2-98c9-04887f84593b",
              "isHook": false,
              "skipped": false
            },
            {
              "title": "TC-4-Enter Valid Email and Invalid Password",
              "fullTitle": "Login Test TC-4-Enter Valid Email and Invalid Password",
              "timedOut": null,
              "duration": 4705,
              "state": "passed",
              "speed": "fast",
              "pass": true,
              "fail": false,
              "pending": false,
              "context": null,
              "code": "loginPage.login(_loginData.default.invalidPassowrd.email, _loginData.default.invalidPassowrd.password);\nloginPage.waitUntilVisible(loginPage.checkPasswordMustHaveRequiredNumberCharactersMessage());\nloginPage.waitUntilNotVisible(loginPage.checkPasswordMustHaveRequiredNumberCharactersMessage());",
              "err": {},
              "uuid": "01375a98-610a-4c3a-b97a-a0e51506b207",
              "parentUUID": "339189ae-dd1a-4eb2-98c9-04887f84593b",
              "isHook": false,
              "skipped": false
            },
            {
              "title": "TC-5-Don't enter any data and click on Login Button",
              "fullTitle": "Login Test TC-5-Don't enter any data and click on Login Button",
              "timedOut": null,
              "duration": 4028,
              "state": "passed",
              "speed": "fast",
              "pass": true,
              "fail": false,
              "pending": false,
              "context": null,
              "code": "loginPage.clickLoginButton();\nloginPage.waitUntilVisible(loginPage.checkEmailIsRequiredMessage());\nloginPage.waitUntilNotVisible(loginPage.checkEmailIsRequiredMessage());",
              "err": {},
              "uuid": "e6ab8eb8-90b7-425a-b64d-d828e0e16a4e",
              "parentUUID": "339189ae-dd1a-4eb2-98c9-04887f84593b",
              "isHook": false,
              "skipped": false
            },
            {
              "title": "TC-6-Don't enter any data into Password field and click on Login Button",
              "fullTitle": "Login Test TC-6-Don't enter any data into Password field and click on Login Button",
              "timedOut": null,
              "duration": 4709,
              "state": "passed",
              "speed": "fast",
              "pass": true,
              "fail": false,
              "pending": false,
              "context": null,
              "code": "loginPage.login(_loginData.default.blankPassword.email, _loginData.default.blankPassword.password);\nloginPage.waitUntilVisible(loginPage.checkPasswordIsRequiredMessage());\nloginPage.waitUntilNotVisible(loginPage.checkPasswordIsRequiredMessage());",
              "err": {},
              "uuid": "2e5a2165-e75a-4a06-b148-117e3fce5fdd",
              "parentUUID": "339189ae-dd1a-4eb2-98c9-04887f84593b",
              "isHook": false,
              "skipped": false
            },
            {
              "title": "TC-7-Don't Enter Email and click on login button",
              "fullTitle": "Login Test TC-7-Don't Enter Email and click on login button",
              "timedOut": null,
              "duration": 4487,
              "state": "passed",
              "speed": "fast",
              "pass": true,
              "fail": false,
              "pending": false,
              "context": null,
              "code": "loginPage.login(_loginData.default.NoEmail.email, _loginData.default.NoEmail.password);\nloginPage.waitUntilVisible(loginPage.checkEmailIsRequiredMessage());\nloginPage.waitUntilNotVisible(loginPage.checkEmailIsRequiredMessage());",
              "err": {},
              "uuid": "3736668e-038c-4276-9fdd-02c7722743e2",
              "parentUUID": "339189ae-dd1a-4eb2-98c9-04887f84593b",
              "isHook": false,
              "skipped": false
            },
            {
              "title": "TC-8-Enter Email without the domain name and click on login button",
              "fullTitle": "Login Test TC-8-Enter Email without the domain name and click on login button",
              "timedOut": null,
              "duration": 4690,
              "state": "passed",
              "speed": "fast",
              "pass": true,
              "fail": false,
              "pending": false,
              "context": null,
              "code": "loginPage.login(_loginData.default.EmailwithoutDomain.email, _loginData.default.EmailwithoutDomain.password);\nloginPage.waitUntilVisible(loginPage.checkPleaseEnterValidEmailAddressMessage());\nloginPage.waitUntilNotVisible(loginPage.checkPleaseEnterValidEmailAddressMessage());",
              "err": {},
              "uuid": "0fb4091b-b345-44cb-a573-587235c40fe4",
              "parentUUID": "339189ae-dd1a-4eb2-98c9-04887f84593b",
              "isHook": false,
              "skipped": false
            },
            {
              "title": "TC-9-Enter email without username and click on login button",
              "fullTitle": "Login Test TC-9-Enter email without username and click on login button",
              "timedOut": null,
              "duration": 4731,
              "state": "passed",
              "speed": "fast",
              "pass": true,
              "fail": false,
              "pending": false,
              "context": null,
              "code": "loginPage.login(_loginData.default.emailWihoutName.email, _loginData.default.emailWihoutName.password);\nloginPage.waitUntilVisible(loginPage.checkPleaseEnterValidEmailAddressMessage());\nloginPage.waitUntilNotVisible(loginPage.checkPleaseEnterValidEmailAddressMessage());",
              "err": {},
              "uuid": "d8a5528b-330f-40b2-a67a-d83f609fcabd",
              "parentUUID": "339189ae-dd1a-4eb2-98c9-04887f84593b",
              "isHook": false,
              "skipped": false
            },
            {
              "title": "TC-10-Enter the Email with two at the rate characters and click on login button",
              "fullTitle": "Login Test TC-10-Enter the Email with two at the rate characters and click on login button",
              "timedOut": null,
              "duration": 4805,
              "state": "passed",
              "speed": "fast",
              "pass": true,
              "fail": false,
              "pending": false,
              "context": null,
              "code": "loginPage.login(_loginData.default[\"emailhaving2@\"].email, _loginData.default[\"emailhaving2@\"].password);\nloginPage.waitUntilVisible(loginPage.checkPleaseEnterValidEmailAddressMessage());\nloginPage.waitUntilNotVisible(loginPage.checkPleaseEnterValidEmailAddressMessage());",
              "err": {},
              "uuid": "3e01f856-15e9-41a4-a991-d4879fa9289b",
              "parentUUID": "339189ae-dd1a-4eb2-98c9-04887f84593b",
              "isHook": false,
              "skipped": false
            },
            {
              "title": "TC-11-Enter email with dot at the end and click on login button",
              "fullTitle": "Login Test TC-11-Enter email with dot at the end and click on login button",
              "timedOut": null,
              "duration": 4971,
              "state": "passed",
              "speed": "fast",
              "pass": true,
              "fail": false,
              "pending": false,
              "context": null,
              "code": "loginPage.login(_loginData.default.emailWithDotAfterName.email, _loginData.default.emailWithDotAfterName.password);\nloginPage.waitUntilVisible(loginPage.checkLoginSuccessMessage());\nloginPage.waitUntilNotVisible(loginPage.checkLoginSuccessMessage());",
              "err": {},
              "uuid": "64d861af-8a75-4f39-9c8a-7a3244c2e23a",
              "parentUUID": "339189ae-dd1a-4eb2-98c9-04887f84593b",
              "isHook": false,
              "skipped": false
            },
            {
              "title": "TC-12-Enter Email with dot in the middle of name and click on Login button",
              "fullTitle": "Login Test TC-12-Enter Email with dot in the middle of name and click on Login button",
              "timedOut": null,
              "duration": 4983,
              "state": "passed",
              "speed": "fast",
              "pass": true,
              "fail": false,
              "pending": false,
              "context": null,
              "code": "loginPage.login(_loginData.default.emailWithDotInbetweenName.email, _loginData.default.emailWithDotInbetweenName.password);\nloginPage.waitUntilVisible(loginPage.checkLoginSuccessMessage());\nloginPage.waitUntilNotVisible(loginPage.checkLoginSuccessMessage());",
              "err": {},
              "uuid": "992fb505-503a-45a3-9ce3-f2c6fbee53d5",
              "parentUUID": "339189ae-dd1a-4eb2-98c9-04887f84593b",
              "isHook": false,
              "skipped": false
            }
          ],
          "suites": [],
          "passes": [
            "de8406e5-4cd8-4e8e-84b9-b4a0c33b50b3",
            "580d8246-966d-4856-80bb-53cc4198f107",
            "79b2f2dd-037a-42fe-91ec-5b9efcf2631c",
            "01375a98-610a-4c3a-b97a-a0e51506b207",
            "e6ab8eb8-90b7-425a-b64d-d828e0e16a4e",
            "2e5a2165-e75a-4a06-b148-117e3fce5fdd",
            "3736668e-038c-4276-9fdd-02c7722743e2",
            "0fb4091b-b345-44cb-a573-587235c40fe4",
            "d8a5528b-330f-40b2-a67a-d83f609fcabd",
            "3e01f856-15e9-41a4-a991-d4879fa9289b",
            "64d861af-8a75-4f39-9c8a-7a3244c2e23a",
            "992fb505-503a-45a3-9ce3-f2c6fbee53d5"
          ],
          "failures": [],
          "pending": [],
          "skipped": [],
          "duration": 57606,
          "root": false,
          "rootEmpty": false,
          "_timeout": 2000
        }
      ],
      "passes": [],
      "failures": [],
      "pending": [],
      "skipped": [],
      "duration": 0,
      "root": true,
      "rootEmpty": true,
      "_timeout": 2000
    }
  ],
  "meta": {
    "mocha": {
      "version": "7.2.0"
    },
    "mochawesome": {
      "options": {
        "quiet": false,
        "reportFilename": "mochawesome",
        "saveHtml": false,
        "saveJson": true,
        "consoleReporter": "spec",
        "useInlineDiffs": false,
        "code": true
      },
      "version": "7.1.3"
    },
    "marge": {
      "options": {
        "reportDir": "mochawesome-report\\.jsons",
        "overwrite": false,
        "html": false,
        "json": true,
        "saveJson": true,
        "embeddedScreenshots": true,
        "inlineAssets": true,
        "charts": true,
        "reportPageTitle": "Test Report",
        "saveAllAttempts": true
      },
      "version": "6.2.0"
    }
  }
}