{
  "stats": {
    "suites": 1,
    "tests": 11,
    "passes": 11,
    "pending": 0,
    "failures": 0,
    "start": "2025-05-26T09:12:23.379Z",
    "end": "2025-05-26T09:13:16.662Z",
    "duration": 53283,
    "testsRegistered": 11,
    "passPercent": 100,
    "pendingPercent": 0,
    "other": 0,
    "hasOther": false,
    "skipped": 0,
    "hasSkipped": false
  },
  "results": [
    {
      "uuid": "675f290e-cd58-497b-bfa9-da1f6760fd0d",
      "title": "",
      "fullFile": "cypress\\e2e\\login.cy.js",
      "file": "cypress\\e2e\\login.cy.js",
      "beforeHooks": [],
      "afterHooks": [],
      "tests": [],
      "suites": [
        {
          "uuid": "b9b6f60a-2cb4-416a-9f1a-6ddd48f185be",
          "title": "Login Test",
          "fullFile": "",
          "file": "",
          "beforeHooks": [],
          "afterHooks": [],
          "tests": [
            {
              "title": "TC-1-Enter with valid credcredentials",
              "fullTitle": "Login Test TC-1-Enter with valid credcredentials",
              "timedOut": null,
              "duration": 6187,
              "state": "passed",
              "speed": "medium",
              "pass": true,
              "fail": false,
              "pending": false,
              "context": null,
              "code": "cy.login(_loginData.default.validUser.email, _loginData.default.validUser.password);\n_LoginPage.loginPage.validationMessage(_LoginPage.loginPage.checkLoginSuccessMessage());\n_LoginPage.loginPage.validationMessageNotExist(_LoginPage.loginPage.checkLoginSuccessMessage());",
              "err": {},
              "uuid": "26d7f585-59f6-4482-85f0-c33ba546e84c",
              "parentUUID": "b9b6f60a-2cb4-416a-9f1a-6ddd48f185be",
              "isHook": false,
              "skipped": false
            },
            {
              "title": "TC-2-Enter User who is Not registerd",
              "fullTitle": "Login Test TC-2-Enter User who is Not registerd",
              "timedOut": null,
              "duration": 4802,
              "state": "passed",
              "speed": "fast",
              "pass": true,
              "fail": false,
              "pending": false,
              "context": null,
              "code": "cy.login(_loginData.default.invalidUser.email, _loginData.default.invalidUser.password);\n_LoginPage.loginPage.validationMessage(_LoginPage.loginPage.checkInvalidEmailAndPasswordMessage());\n_LoginPage.loginPage.validationMessageNotExist(_LoginPage.loginPage.checkInvalidEmailAndPasswordMessage());",
              "err": {},
              "uuid": "d857674f-d81b-4c5f-82be-53a74b578964",
              "parentUUID": "b9b6f60a-2cb4-416a-9f1a-6ddd48f185be",
              "isHook": false,
              "skipped": false
            },
            {
              "title": "TC-3-Enter Invalid Email and Valid password",
              "fullTitle": "Login Test TC-3-Enter Invalid Email and Valid password",
              "timedOut": null,
              "duration": 4661,
              "state": "passed",
              "speed": "fast",
              "pass": true,
              "fail": false,
              "pending": false,
              "context": null,
              "code": "cy.login(_loginData.default.invalidEmail.email, _loginData.default.invalidEmail.password);\n_LoginPage.loginPage.validationMessage(_LoginPage.loginPage.checkPleaseEnterValidEmailAddressMessage());\n_LoginPage.loginPage.validationMessageNotExist(_LoginPage.loginPage.checkPleaseEnterValidEmailAddressMessage());",
              "err": {},
              "uuid": "73e073f9-fee8-4a2c-88a0-761921269bfc",
              "parentUUID": "b9b6f60a-2cb4-416a-9f1a-6ddd48f185be",
              "isHook": false,
              "skipped": false
            },
            {
              "title": "TC-4-Enter Valid Email and Invalid Password",
              "fullTitle": "Login Test TC-4-Enter Valid Email and Invalid Password",
              "timedOut": null,
              "duration": 4633,
              "state": "passed",
              "speed": "fast",
              "pass": true,
              "fail": false,
              "pending": false,
              "context": null,
              "code": "cy.login(_loginData.default.invalidPassowrd.email, _loginData.default.invalidPassowrd.password);\n_LoginPage.loginPage.validationMessage(_LoginPage.loginPage.checkPasswordMustHaveRequiredNumberCharactersMessage());\n_LoginPage.loginPage.validationMessageNotExist(_LoginPage.loginPage.checkPasswordMustHaveRequiredNumberCharactersMessage());",
              "err": {},
              "uuid": "f980b7a2-3b39-4699-8965-02aa22e05a1c",
              "parentUUID": "b9b6f60a-2cb4-416a-9f1a-6ddd48f185be",
              "isHook": false,
              "skipped": false
            },
            {
              "title": "TC-5-Don't enter any data into Email field and click on Login Button",
              "fullTitle": "Login Test TC-5-Don't enter any data into Email field and click on Login Button",
              "timedOut": null,
              "duration": 3909,
              "state": "passed",
              "speed": "fast",
              "pass": true,
              "fail": false,
              "pending": false,
              "context": null,
              "code": "cy.visit(\"/login\");\n_LoginPage.loginPage.clickLoginButton();\n_LoginPage.loginPage.validationMessage(_LoginPage.loginPage.checkEmailIsRequiredMessage());\n_LoginPage.loginPage.validationMessageNotExist(_LoginPage.loginPage.checkEmailIsRequiredMessage());",
              "err": {},
              "uuid": "e21a45c5-86bd-48bb-9f28-a594658e97b5",
              "parentUUID": "b9b6f60a-2cb4-416a-9f1a-6ddd48f185be",
              "isHook": false,
              "skipped": false
            },
            {
              "title": "TC-6-Don't enter any data into Password field and click on Login Button",
              "fullTitle": "Login Test TC-6-Don't enter any data into Password field and click on Login Button",
              "timedOut": null,
              "duration": 4590,
              "state": "passed",
              "speed": "fast",
              "pass": true,
              "fail": false,
              "pending": false,
              "context": null,
              "code": "cy.login(_loginData.default.blankPassword.email, _loginData.default.blankPassword.password);\n_LoginPage.loginPage.validationMessage(_LoginPage.loginPage.checkPasswordIsRequiredMessage());\n_LoginPage.loginPage.validationMessageNotExist(_LoginPage.loginPage.checkPasswordIsRequiredMessage());",
              "err": {},
              "uuid": "4144d2d6-78e3-499c-97b0-8912b11383ff",
              "parentUUID": "b9b6f60a-2cb4-416a-9f1a-6ddd48f185be",
              "isHook": false,
              "skipped": false
            },
            {
              "title": "TC-7-Enter Email without the domain name and click on login button",
              "fullTitle": "Login Test TC-7-Enter Email without the domain name and click on login button",
              "timedOut": null,
              "duration": 4551,
              "state": "passed",
              "speed": "fast",
              "pass": true,
              "fail": false,
              "pending": false,
              "context": null,
              "code": "cy.login(_loginData.default.EmailwithoutDomain.email, _loginData.default.EmailwithoutDomain.password);\n_LoginPage.loginPage.validationMessage(_LoginPage.loginPage.checkPleaseEnterValidEmailAddressMessage());\n_LoginPage.loginPage.validationMessageNotExist(_LoginPage.loginPage.checkPleaseEnterValidEmailAddressMessage());",
              "err": {},
              "uuid": "e89d3254-3eb9-483e-aab6-48cc445e656c",
              "parentUUID": "b9b6f60a-2cb4-416a-9f1a-6ddd48f185be",
              "isHook": false,
              "skipped": false
            },
            {
              "title": "TC-8-Enter email without username and click on login button",
              "fullTitle": "Login Test TC-8-Enter email without username and click on login button",
              "timedOut": null,
              "duration": 4621,
              "state": "passed",
              "speed": "fast",
              "pass": true,
              "fail": false,
              "pending": false,
              "context": null,
              "code": "cy.login(_loginData.default.emailWihoutName.email, _loginData.default.emailWihoutName.password);\n_LoginPage.loginPage.validationMessage(_LoginPage.loginPage.checkPleaseEnterValidEmailAddressMessage());\n_LoginPage.loginPage.validationMessageNotExist(_LoginPage.loginPage.checkPleaseEnterValidEmailAddressMessage());",
              "err": {},
              "uuid": "a22c6ed8-31a7-4ac8-a2c8-81d6d753a6f7",
              "parentUUID": "b9b6f60a-2cb4-416a-9f1a-6ddd48f185be",
              "isHook": false,
              "skipped": false
            },
            {
              "title": "TC-9-Enter the Email with two at the rate characters and click on login button",
              "fullTitle": "Login Test TC-9-Enter the Email with two at the rate characters and click on login button",
              "timedOut": null,
              "duration": 4736,
              "state": "passed",
              "speed": "fast",
              "pass": true,
              "fail": false,
              "pending": false,
              "context": null,
              "code": "cy.login(_loginData.default[\"emailhaving2@\"].email, _loginData.default[\"emailhaving2@\"].password);\n_LoginPage.loginPage.validationMessage(_LoginPage.loginPage.checkPleaseEnterValidEmailAddressMessage());\n_LoginPage.loginPage.validationMessageNotExist(_LoginPage.loginPage.checkPleaseEnterValidEmailAddressMessage());",
              "err": {},
              "uuid": "a796da10-712d-424d-bb67-b402fd72126b",
              "parentUUID": "b9b6f60a-2cb4-416a-9f1a-6ddd48f185be",
              "isHook": false,
              "skipped": false
            },
            {
              "title": "TC-10-Enter email with dot at the end and click on login button",
              "fullTitle": "Login Test TC-10-Enter email with dot at the end and click on login button",
              "timedOut": null,
              "duration": 5188,
              "state": "passed",
              "speed": "medium",
              "pass": true,
              "fail": false,
              "pending": false,
              "context": null,
              "code": "cy.login(_loginData.default.emailWithDotAfterName.email, _loginData.default.emailWithDotAfterName.password);\n_LoginPage.loginPage.validationMessage(_LoginPage.loginPage.checkLoginSuccessMessage());\n_LoginPage.loginPage.validationMessageNotExist(_LoginPage.loginPage.checkLoginSuccessMessage());",
              "err": {},
              "uuid": "c3cf44fb-57b8-4950-8edd-8d99891ffdbf",
              "parentUUID": "b9b6f60a-2cb4-416a-9f1a-6ddd48f185be",
              "isHook": false,
              "skipped": false
            },
            {
              "title": "TC-11-Enter Email with dot in the middle of name and click on Login button",
              "fullTitle": "Login Test TC-11-Enter Email with dot in the middle of name and click on Login button",
              "timedOut": null,
              "duration": 4845,
              "state": "passed",
              "speed": "fast",
              "pass": true,
              "fail": false,
              "pending": false,
              "context": null,
              "code": "cy.login(_loginData.default.emailWithDotInbetweenName.email, _loginData.default.emailWithDotInbetweenName.password);\n_LoginPage.loginPage.validationMessage(_LoginPage.loginPage.checkLoginSuccessMessage());\n_LoginPage.loginPage.validationMessageNotExist(_LoginPage.loginPage.checkLoginSuccessMessage());",
              "err": {},
              "uuid": "8a848e75-1d0c-48cc-8a49-f4d1c0bf307a",
              "parentUUID": "b9b6f60a-2cb4-416a-9f1a-6ddd48f185be",
              "isHook": false,
              "skipped": false
            }
          ],
          "suites": [],
          "passes": [
            "26d7f585-59f6-4482-85f0-c33ba546e84c",
            "d857674f-d81b-4c5f-82be-53a74b578964",
            "73e073f9-fee8-4a2c-88a0-761921269bfc",
            "f980b7a2-3b39-4699-8965-02aa22e05a1c",
            "e21a45c5-86bd-48bb-9f28-a594658e97b5",
            "4144d2d6-78e3-499c-97b0-8912b11383ff",
            "e89d3254-3eb9-483e-aab6-48cc445e656c",
            "a22c6ed8-31a7-4ac8-a2c8-81d6d753a6f7",
            "a796da10-712d-424d-bb67-b402fd72126b",
            "c3cf44fb-57b8-4950-8edd-8d99891ffdbf",
            "8a848e75-1d0c-48cc-8a49-f4d1c0bf307a"
          ],
          "failures": [],
          "pending": [],
          "skipped": [],
          "duration": 52723,
          "root": false,
          "rootEmpty": false,
          "_timeout": 2000
        }
      ],
      "passes": [],
      "failures": [],
      "pending": [],
      "skipped": [],
      "duration": 0,
      "root": true,
      "rootEmpty": true,
      "_timeout": 2000
    }
  ],
  "meta": {
    "mocha": {
      "version": "7.2.0"
    },
    "mochawesome": {
      "options": {
        "quiet": false,
        "reportFilename": "mochawesome",
        "saveHtml": false,
        "saveJson": true,
        "consoleReporter": "spec",
        "useInlineDiffs": false,
        "code": true
      },
      "version": "7.1.3"
    },
    "marge": {
      "options": {
        "charts": true,
        "reportPageTitle": "Test Report",
        "embeddedScreenshots": true,
        "inlineAssets": true,
        "saveAllAttempts": true,
        "overwrite": false,
        "html": false,
        "json": true,
        "reportDir": "cypress\\reports\\html\\.jsons"
      },
      "version": "6.2.0"
    }
  }
}